<?xml version="1.0" encoding="UTF-8"?>
<!-- Generated by org.testng.reporters.JUnitReportReporter -->
<testsuite hostname="nijeshmannuel-Latitude-3510" failures="0" tests="1" name="testcases.TC01_Afton_Test" time="7.406" errors="0" timestamp="2024-07-25T05:45:19 GMT-07:00" skipped="0">
  <testcase classname="testcases.TC01_Afton_Test" name="afton_login_id_pass" time="7.406"/>
  <system-out/>
</testsuite> <!-- testcases.TC01_Afton_Test -->
