<?xml version="1.0" encoding="UTF-8"?>
<!-- Generated by org.testng.reporters.JUnitReportReporter -->
<testsuite hostname="nijeshmannuel-Latitude-3510" failures="0" tests="1" name="testcases.TC01_Afton_Test" time="12.183" errors="0" timestamp="2024-07-26T04:43:16 GMT-07:00" skipped="0">
  <testcase classname="testcases.TC01_Afton_Test" name="afton_login_id_pass" time="12.183"/>
  <system-out/>
</testsuite> <!-- testcases.TC01_Afton_Test -->
