<?xml version="1.0" encoding="UTF-8"?>
<!-- Generated by org.testng.reporters.JUnitReportReporter -->
<testsuite hostname="nijeshmannuel-Latitude-3510" failures="0" tests="1" name="testcases.TC01_Afton_Test" time="4.724" errors="0" timestamp="2024-08-01T05:47:50 GMT-07:00" skipped="0">
  <testcase classname="testcases.TC01_Afton_Test" name="Account_Home_Page_SideMenu_collapse_Expand" time="4.724"/>
  <system-out/>
</testsuite> <!-- testcases.TC01_Afton_Test -->
